[35m[Appium][39m Welcome to Appium v2.5.1
[35m[Appium][39m Non-default server args:
[35m[Appium][39m { basePath: [32m'/wd/hub'[39m, loglevel: [32m'info'[39m, port: [33m53209[39m }
[35m[Appium][39m Attempting to load driver uiautomator2...
[Appium] Appium REST http interface listener started on http://0.0.0.0:53209/wd/hub
[Appium] You can provide the following URLs in your client code to connect to this server:
[Appium] 	http://127.0.0.1:53209/wd/hub (only accessible from the same host)
[Appium] 	http://192.168.1.19:53209/wd/hub
[Appium] Available drivers:
[Appium]   - uiautomator2@3.0.0 (automationName 'UiAutomator2')
[Appium] No plugins have been installed. Use the "appium plugin" command to install the one(s) you want to use.
[38;5;0m[HTTP][0m [37m-->[39m [37mGET[39m [37m/wd/hub/status[39m
[38;5;0m[HTTP][0m {}
[38;5;0m[HTTP][0m <-- GET /wd/hub/status 200 10 ms - 110
[38;5;0m[HTTP][0m 
[38;5;0m[HTTP][0m [37m-->[39m [37mGET[39m [37m/wd/hub/status[39m
[38;5;0m[HTTP][0m {}
[38;5;0m[HTTP][0m <-- GET /wd/hub/status 200 2 ms - 110
[38;5;0m[HTTP][0m 
[38;5;0m[HTTP][0m [37m-->[39m [37mPOST[39m [37m/wd/hub/session[39m
[38;5;0m[HTTP][0m {"desiredCapabilities":{"appium:systemPort":53230,"appium:newCommandTimeout":1800,"appium:automationName":"uiautomator2","appium:fullReset":false,"appium:platformVersion":"14","appium:noReset":true,"appium:udid":"emulator-5554","appium:autoGrantPermissions":true,"appium:platformName":"ANDROID","appium:deviceName":"emulator-5554 (sdk_gphone64_x86_64 - Android 14)","platformName":"Android","appium:app":"/Users/tanayaseto/Downloads/APIDemos.apk"},"capabilities":{"firstMatch":[{"appium:app":"/Users/tanayaseto/Downloads/APIDemos.apk","appium:autoGrantPermissions":true,"appium:automationName":"uiautomator2","appium:deviceName":"emulator-5554 (sdk_gphone64_x86_64 - Android 14)","appium:fullReset":false,"appium:newCommandTimeout":1800,"appium:noReset":true,"appium:platformName":"ANDROID","appium:platformVersion":"14","appium:systemPort":53230,"appium:udid":"emulator-5554","platformName":"android"}]}}
[38;5;32m[BaseDriver][0m Ignoring capability 'appium:platformName=ANDROID' and using capability 'platformName=android'
[38;5;32m[BaseDriver][0m The capabilities ["platformName"] are standard capabilities and do not require "appium:" prefix
[Appium] Attempting to find matching driver for automationName 'uiautomator2' and platformName 'android'
[Appium] The 'uiautomator2' driver was installed and matched caps.
[Appium] Will require it at /Users/tanayaseto/.appium/node_modules/appium-uiautomator2-driver
[38;5;16m[AppiumDriver@3bf0][0m Appium v2.5.1 creating new AndroidUiautomator2Driver (v3.0.0) session
[38;5;16m[AppiumDriver@3bf0][0m Checking BaseDriver versions for Appium and AndroidUiautomator2Driver
[38;5;16m[AppiumDriver@3bf0][0m Appium's BaseDriver version is 9.5.2
[38;5;16m[AppiumDriver@3bf0][0m AndroidUiautomator2Driver's BaseDriver version is 9.5.2
[38;5;48m[AndroidUiautomator2Driver@8a19 (3a645205)][0m Session created with session id: 3a645205-55e5-4c2f-ae5f-8e7bb91b8ecd
[38;5;64m[ADB][0m Found 1 'build-tools' folders under '/Users/tanayaseto/.katalon/tools/android_sdk' (newest first):
[38;5;64m[ADB][0m     /Users/tanayaseto/.katalon/tools/android_sdk/build-tools/29.0.3
[38;5;64m[ADB][0m Using 'adb' from '/Users/tanayaseto/.katalon/tools/android_sdk/platform-tools/adb'
[38;5;48m[AndroidUiautomator2Driver@8a19 (3a645205)][0m Retrieving device list
[38;5;48m[AndroidUiautomator2Driver@8a19 (3a645205)][0m Using device: emulator-5554
[38;5;64m[ADB][0m Using 'adb' from '/Users/tanayaseto/.katalon/tools/android_sdk/platform-tools/adb'
[38;5;32m[BaseDriver][0m Using local app '/Users/tanayaseto/Downloads/APIDemos.apk'
[38;5;64m[ADB][0m Getting device platform version
[38;5;48m[AndroidUiautomator2Driver@8a19 (3a645205)][0m Relaxing hidden api policy
[38;5;64m[ADB][0m Package name: 'io.appium.android.apis'
[38;5;64m[ADB][0m Main activity name: 'io.appium.android.apis.ApiDemos'
[38;5;64m[ADB][0m Using 'apksigner.jar' from '/Users/tanayaseto/.katalon/tools/android_sdk/build-tools/29.0.3/lib/apksigner.jar'
[38;5;64m[ADB][0m '/Users/tanayaseto/.appium/node_modules/appium-uiautomator2-driver/node_modules/appium-uiautomator2-server/apks/appium-uiautomator2-server-debug-androidTest.apk' is signed with the default certificate
[38;5;64m[ADB][0m '/Users/tanayaseto/Downloads/APIDemos.apk' is signed with a non-default certificate
[38;5;64m[ADB][0m The application at '/Users/tanayaseto/Downloads/APIDemos.apk' will not be cached, because the device under test has confirmed the support of streamed installs
[38;5;64m[ADB][0m '/Users/tanayaseto/.appium/node_modules/appium-uiautomator2-driver/node_modules/appium-uiautomator2-server/apks/appium-uiautomator2-server-v7.0.0.apk' is signed with the default certificate
[38;5;48m[AndroidUiautomator2Driver@8a19 (3a645205)][0m Server packages are not going to be (re)installed
[38;5;64m[ADB][0m Adding packages ["io.appium.settings","io.appium.uiautomator2.server","io.appium.uiautomator2.server.test"] to Doze whitelist
[38;5;64m[ADB][0m The installation of 'APIDemos.apk' took 5582ms
[38;5;48m[AndroidUiautomator2Driver@8a19 (3a645205)][0m Starting UIAutomator2 server 7.0.0
[38;5;48m[AndroidUiautomator2Driver@8a19 (3a645205)][0m Using UIAutomator2 server from '/Users/tanayaseto/.appium/node_modules/appium-uiautomator2-driver/node_modules/appium-uiautomator2-server/apks/appium-uiautomator2-server-v7.0.0.apk' and test from '/Users/tanayaseto/.appium/node_modules/appium-uiautomator2-driver/node_modules/appium-uiautomator2-server/apks/appium-uiautomator2-server-debug-androidTest.apk'
[38;5;48m[AndroidUiautomator2Driver@8a19 (3a645205)][0m Waiting up to 30000ms for UiAutomator2 to be online...
[38;5;48m[AndroidUiautomator2Driver@8a19 (3a645205)][0m socket hang up
[38;5;48m[AndroidUiautomator2Driver@8a19 (3a645205)][0m socket hang up
[38;5;48m[AndroidUiautomator2Driver@8a19 (3a645205)][0m socket hang up
[38;5;48m[AndroidUiautomator2Driver@8a19 (3a645205)][0m socket hang up
[38;5;48m[AndroidUiautomator2Driver@8a19 (3a645205)][0m socket hang up
[38;5;48m[AndroidUiautomator2Driver@8a19 (3a645205)][0m socket hang up
[38;5;48m[AndroidUiautomator2Driver@8a19 (3a645205)][0m socket hang up
[38;5;48m[AndroidUiautomator2Driver@8a19 (3a645205)][0m socket hang up
[38;5;48m[AndroidUiautomator2Driver@8a19 (3a645205)][0m socket hang up
[38;5;48m[AndroidUiautomator2Driver@8a19 (3a645205)][0m Determined the downstream protocol as 'W3C'
[38;5;48m[AndroidUiautomator2Driver@8a19 (3a645205)][0m Screen already unlocked, doing nothing
[38;5;48m[AndroidUiautomator2Driver@8a19 (3a645205)][0m Starting 'io.appium.android.apis/io.appium.android.apis.ApiDemos and waiting for 'io.appium.android.apis/io.appium.android.apis.ApiDemos'
[38;5;16m[AppiumDriver@3bf0][0m New AndroidUiautomator2Driver session created successfully, session 3a645205-55e5-4c2f-ae5f-8e7bb91b8ecd added to master session list
[38;5;0m[HTTP][0m <-- POST /wd/hub/session 200 25416 ms - 1204
[38;5;0m[HTTP][0m 
[38;5;0m[HTTP][0m [37m-->[39m [37mGET[39m [37m/wd/hub/session/3a645205-55e5-4c2f-ae5f-8e7bb91b8ecd[39m
[38;5;0m[HTTP][0m {}
[38;5;0m[HTTP][0m <-- GET /wd/hub/session/3a645205-55e5-4c2f-ae5f-8e7bb91b8ecd 200 50 ms - 354
[38;5;0m[HTTP][0m 
[38;5;0m[HTTP][0m [37m-->[39m [37mGET[39m [37m/wd/hub/session/3a645205-55e5-4c2f-ae5f-8e7bb91b8ecd[39m
[38;5;0m[HTTP][0m {}
[38;5;0m[HTTP][0m <-- GET /wd/hub/session/3a645205-55e5-4c2f-ae5f-8e7bb91b8ecd 200 105 ms - 354
[38;5;0m[HTTP][0m 
[38;5;0m[HTTP][0m [37m-->[39m [37mGET[39m [37m/wd/hub/status[39m
[38;5;0m[HTTP][0m {}
[38;5;0m[HTTP][0m <-- GET /wd/hub/status 200 1 ms - 110
[38;5;0m[HTTP][0m 
[38;5;0m[HTTP][0m [37m-->[39m [37mPOST[39m [37m/wd/hub/session/3a645205-55e5-4c2f-ae5f-8e7bb91b8ecd/timeouts[39m
[38;5;0m[HTTP][0m {"implicit":60000}
[38;5;0m[HTTP][0m <-- POST /wd/hub/session/3a645205-55e5-4c2f-ae5f-8e7bb91b8ecd/timeouts 200 4 ms - 14
[38;5;0m[HTTP][0m 
[38;5;0m[HTTP][0m [37m-->[39m [37mGET[39m [37m/wd/hub/session/3a645205-55e5-4c2f-ae5f-8e7bb91b8ecd/source[39m
[38;5;0m[HTTP][0m {}
[38;5;48m[AndroidUiautomator2Driver@8a19 (3a645205)][0m Driver proxy active, passing request on via HTTP proxy
[38;5;48m[AndroidUiautomator2Driver@8a19 (3a645205)][0m Replacing sessionId f4db36c1-6949-460e-9b49-0953997cf187 with 3a645205-55e5-4c2f-ae5f-8e7bb91b8ecd
[38;5;0m[HTTP][0m <-- GET /wd/hub/session/3a645205-55e5-4c2f-ae5f-8e7bb91b8ecd/source 200 1589 ms - 8985
[38;5;0m[HTTP][0m 
[38;5;0m[HTTP][0m [37m-->[39m [37mGET[39m [37m/wd/hub/session/3a645205-55e5-4c2f-ae5f-8e7bb91b8ecd/screenshot[39m
[38;5;0m[HTTP][0m {}
[38;5;0m[HTTP][0m <-- GET /wd/hub/session/3a645205-55e5-4c2f-ae5f-8e7bb91b8ecd/screenshot 200 1153 ms - 100848
[38;5;0m[HTTP][0m 
[38;5;0m[HTTP][0m [37m-->[39m [37mPOST[39m [37m/wd/hub/session/3a645205-55e5-4c2f-ae5f-8e7bb91b8ecd/elements[39m
[38;5;0m[HTTP][0m {"using":"xpath","value":"//*[@class = 'android.widget.TextView' and (@text = 'Preference' or . = 'Preference') and @resource-id = 'android:id/text1']"}
[38;5;0m[HTTP][0m <-- POST /wd/hub/session/3a645205-55e5-4c2f-ae5f-8e7bb91b8ecd/elements 200 1679 ms - 139
[38;5;0m[HTTP][0m 
[38;5;0m[HTTP][0m [37m-->[39m [37mGET[39m [37m/wd/hub/session/3a645205-55e5-4c2f-ae5f-8e7bb91b8ecd/window/rect[39m
[38;5;0m[HTTP][0m {}
[38;5;0m[HTTP][0m <-- GET /wd/hub/session/3a645205-55e5-4c2f-ae5f-8e7bb91b8ecd/window/rect 200 25 ms - 50
[38;5;0m[HTTP][0m 
[38;5;0m[HTTP][0m [37m-->[39m [37mPOST[39m [37m/wd/hub/session/3a645205-55e5-4c2f-ae5f-8e7bb91b8ecd/elements[39m
[38;5;0m[HTTP][0m {"using":"xpath","value":"//*[@class = 'android.widget.TextView' and (@text = 'Preference' or . = 'Preference') and @resource-id = 'android:id/text1']"}
[38;5;0m[HTTP][0m <-- POST /wd/hub/session/3a645205-55e5-4c2f-ae5f-8e7bb91b8ecd/elements 200 212 ms - 139
[38;5;0m[HTTP][0m 
[38;5;0m[HTTP][0m [37m-->[39m [37mGET[39m [37m/wd/hub/session/3a645205-55e5-4c2f-ae5f-8e7bb91b8ecd/element/00000000-0000-003b-ffff-ffff00000012/location[39m
[38;5;0m[HTTP][0m {}
[38;5;48m[AndroidUiautomator2Driver@8a19 (3a645205)][0m Driver proxy active, passing request on via HTTP proxy
[38;5;48m[AndroidUiautomator2Driver@8a19 (3a645205)][0m Replacing sessionId f4db36c1-6949-460e-9b49-0953997cf187 with 3a645205-55e5-4c2f-ae5f-8e7bb91b8ecd
[38;5;0m[HTTP][0m <-- GET /wd/hub/session/3a645205-55e5-4c2f-ae5f-8e7bb91b8ecd/element/00000000-0000-003b-ffff-ffff00000012/location 200 38 ms - 77
[38;5;0m[HTTP][0m 
[38;5;0m[HTTP][0m [37m-->[39m [37mPOST[39m [37m/wd/hub/session/3a645205-55e5-4c2f-ae5f-8e7bb91b8ecd/element/00000000-0000-003b-ffff-ffff00000012/click[39m
[38;5;0m[HTTP][0m {"id":"00000000-0000-003b-ffff-ffff00000012"}
[38;5;0m[HTTP][0m <-- POST /wd/hub/session/3a645205-55e5-4c2f-ae5f-8e7bb91b8ecd/element/00000000-0000-003b-ffff-ffff00000012/click 200 1018 ms - 14
[38;5;0m[HTTP][0m 
[38;5;0m[HTTP][0m [37m-->[39m [37mGET[39m [37m/wd/hub/session/3a645205-55e5-4c2f-ae5f-8e7bb91b8ecd/source[39m
[38;5;0m[HTTP][0m {}
[38;5;48m[AndroidUiautomator2Driver@8a19 (3a645205)][0m Driver proxy active, passing request on via HTTP proxy
[38;5;48m[AndroidUiautomator2Driver@8a19 (3a645205)][0m Replacing sessionId f4db36c1-6949-460e-9b49-0953997cf187 with 3a645205-55e5-4c2f-ae5f-8e7bb91b8ecd
[38;5;0m[HTTP][0m <-- GET /wd/hub/session/3a645205-55e5-4c2f-ae5f-8e7bb91b8ecd/source 200 1502 ms - 7865
[38;5;0m[HTTP][0m 
[38;5;0m[HTTP][0m [37m-->[39m [37mGET[39m [37m/wd/hub/session/3a645205-55e5-4c2f-ae5f-8e7bb91b8ecd/screenshot[39m
[38;5;0m[HTTP][0m {}
[38;5;0m[HTTP][0m <-- GET /wd/hub/session/3a645205-55e5-4c2f-ae5f-8e7bb91b8ecd/screenshot 200 724 ms - 121316
[38;5;0m[HTTP][0m 
[38;5;0m[HTTP][0m [37m-->[39m [37mPOST[39m [37m/wd/hub/session/3a645205-55e5-4c2f-ae5f-8e7bb91b8ecd/elements[39m
[38;5;0m[HTTP][0m {"using":"xpath","value":"//*[@class = 'android.widget.TextView' and (@text = '3. Preference dependencies' or . = '3. Preference dependencies') and @resource-id = 'android:id/text1']"}
[38;5;0m[HTTP][0m <-- POST /wd/hub/session/3a645205-55e5-4c2f-ae5f-8e7bb91b8ecd/elements 200 416 ms - 139
[38;5;0m[HTTP][0m 
[38;5;0m[HTTP][0m [37m-->[39m [37mGET[39m [37m/wd/hub/session/3a645205-55e5-4c2f-ae5f-8e7bb91b8ecd/window/rect[39m
[38;5;0m[HTTP][0m {}
[38;5;0m[HTTP][0m <-- GET /wd/hub/session/3a645205-55e5-4c2f-ae5f-8e7bb91b8ecd/window/rect 200 25 ms - 50
[38;5;0m[HTTP][0m 
[38;5;0m[HTTP][0m [37m-->[39m [37mPOST[39m [37m/wd/hub/session/3a645205-55e5-4c2f-ae5f-8e7bb91b8ecd/elements[39m
[38;5;0m[HTTP][0m {"using":"xpath","value":"//*[@class = 'android.widget.TextView' and (@text = '3. Preference dependencies' or . = '3. Preference dependencies') and @resource-id = 'android:id/text1']"}
[38;5;0m[HTTP][0m <-- POST /wd/hub/session/3a645205-55e5-4c2f-ae5f-8e7bb91b8ecd/elements 200 345 ms - 139
[38;5;0m[HTTP][0m 
[38;5;0m[HTTP][0m [37m-->[39m [37mGET[39m [37m/wd/hub/session/3a645205-55e5-4c2f-ae5f-8e7bb91b8ecd/element/00000000-0000-003c-ffff-ffff00000021/location[39m
[38;5;0m[HTTP][0m {}
[38;5;48m[AndroidUiautomator2Driver@8a19 (3a645205)][0m Driver proxy active, passing request on via HTTP proxy
[38;5;48m[AndroidUiautomator2Driver@8a19 (3a645205)][0m Replacing sessionId f4db36c1-6949-460e-9b49-0953997cf187 with 3a645205-55e5-4c2f-ae5f-8e7bb91b8ecd
[38;5;0m[HTTP][0m <-- GET /wd/hub/session/3a645205-55e5-4c2f-ae5f-8e7bb91b8ecd/element/00000000-0000-003c-ffff-ffff00000021/location 200 43 ms - 76
[38;5;0m[HTTP][0m 
[38;5;0m[HTTP][0m [37m-->[39m [37mPOST[39m [37m/wd/hub/session/3a645205-55e5-4c2f-ae5f-8e7bb91b8ecd/element/00000000-0000-003c-ffff-ffff00000021/click[39m
[38;5;0m[HTTP][0m {"id":"00000000-0000-003c-ffff-ffff00000021"}
[38;5;0m[HTTP][0m <-- POST /wd/hub/session/3a645205-55e5-4c2f-ae5f-8e7bb91b8ecd/element/00000000-0000-003c-ffff-ffff00000021/click 200 8862 ms - 14
[38;5;0m[HTTP][0m 
[38;5;0m[HTTP][0m [37m-->[39m [37mGET[39m [37m/wd/hub/session/3a645205-55e5-4c2f-ae5f-8e7bb91b8ecd/source[39m
[38;5;0m[HTTP][0m {}
[38;5;48m[AndroidUiautomator2Driver@8a19 (3a645205)][0m Driver proxy active, passing request on via HTTP proxy
[38;5;48m[AndroidUiautomator2Driver@8a19 (3a645205)][0m Replacing sessionId f4db36c1-6949-460e-9b49-0953997cf187 with 3a645205-55e5-4c2f-ae5f-8e7bb91b8ecd
[38;5;0m[HTTP][0m <-- GET /wd/hub/session/3a645205-55e5-4c2f-ae5f-8e7bb91b8ecd/source 200 1631 ms - 9031
[38;5;0m[HTTP][0m 
[38;5;0m[HTTP][0m [37m-->[39m [37mGET[39m [37m/wd/hub/session/3a645205-55e5-4c2f-ae5f-8e7bb91b8ecd/screenshot[39m
[38;5;0m[HTTP][0m {}
[38;5;0m[HTTP][0m <-- GET /wd/hub/session/3a645205-55e5-4c2f-ae5f-8e7bb91b8ecd/screenshot 200 565 ms - 66536
[38;5;0m[HTTP][0m 
[38;5;0m[HTTP][0m [37m-->[39m [37mPOST[39m [37m/wd/hub/session/3a645205-55e5-4c2f-ae5f-8e7bb91b8ecd/elements[39m
[38;5;0m[HTTP][0m {"using":"xpath","value":"//*[@class = 'android.widget.CheckBox' and @resource-id = 'android:id/checkbox' and (@text = '' or . = '')]"}
[38;5;0m[HTTP][0m <-- POST /wd/hub/session/3a645205-55e5-4c2f-ae5f-8e7bb91b8ecd/elements 200 399 ms - 139
[38;5;0m[HTTP][0m 
[38;5;0m[HTTP][0m [37m-->[39m [37mGET[39m [37m/wd/hub/session/3a645205-55e5-4c2f-ae5f-8e7bb91b8ecd/window/rect[39m
[38;5;0m[HTTP][0m {}
[38;5;0m[HTTP][0m <-- GET /wd/hub/session/3a645205-55e5-4c2f-ae5f-8e7bb91b8ecd/window/rect 200 19 ms - 50
[38;5;0m[HTTP][0m 
[38;5;0m[HTTP][0m [37m-->[39m [37mPOST[39m [37m/wd/hub/session/3a645205-55e5-4c2f-ae5f-8e7bb91b8ecd/elements[39m
[38;5;0m[HTTP][0m {"using":"xpath","value":"//*[@class = 'android.widget.CheckBox' and @resource-id = 'android:id/checkbox' and (@text = '' or . = '')]"}
[38;5;0m[HTTP][0m <-- POST /wd/hub/session/3a645205-55e5-4c2f-ae5f-8e7bb91b8ecd/elements 200 412 ms - 139
[38;5;0m[HTTP][0m 
[38;5;0m[HTTP][0m [37m-->[39m [37mGET[39m [37m/wd/hub/session/3a645205-55e5-4c2f-ae5f-8e7bb91b8ecd/element/00000000-0000-003d-ffff-ffff00000044/location[39m
[38;5;0m[HTTP][0m {}
[38;5;48m[AndroidUiautomator2Driver@8a19 (3a645205)][0m Driver proxy active, passing request on via HTTP proxy
[38;5;48m[AndroidUiautomator2Driver@8a19 (3a645205)][0m Replacing sessionId f4db36c1-6949-460e-9b49-0953997cf187 with 3a645205-55e5-4c2f-ae5f-8e7bb91b8ecd
[38;5;0m[HTTP][0m <-- GET /wd/hub/session/3a645205-55e5-4c2f-ae5f-8e7bb91b8ecd/element/00000000-0000-003d-ffff-ffff00000044/location 200 42 ms - 78
[38;5;0m[HTTP][0m 
[38;5;0m[HTTP][0m [37m-->[39m [37mPOST[39m [37m/wd/hub/session/3a645205-55e5-4c2f-ae5f-8e7bb91b8ecd/element/00000000-0000-003d-ffff-ffff00000044/click[39m
[38;5;0m[HTTP][0m {"id":"00000000-0000-003d-ffff-ffff00000044"}
[38;5;0m[HTTP][0m <-- POST /wd/hub/session/3a645205-55e5-4c2f-ae5f-8e7bb91b8ecd/element/00000000-0000-003d-ffff-ffff00000044/click 200 7661 ms - 14
[38;5;0m[HTTP][0m 
[38;5;0m[HTTP][0m [37m-->[39m [37mGET[39m [37m/wd/hub/session/3a645205-55e5-4c2f-ae5f-8e7bb91b8ecd/source[39m
[38;5;0m[HTTP][0m {}
[38;5;48m[AndroidUiautomator2Driver@8a19 (3a645205)][0m Driver proxy active, passing request on via HTTP proxy
[38;5;48m[AndroidUiautomator2Driver@8a19 (3a645205)][0m Replacing sessionId f4db36c1-6949-460e-9b49-0953997cf187 with 3a645205-55e5-4c2f-ae5f-8e7bb91b8ecd
[38;5;0m[HTTP][0m <-- GET /wd/hub/session/3a645205-55e5-4c2f-ae5f-8e7bb91b8ecd/source 200 281 ms - 9027
[38;5;0m[HTTP][0m 
[38;5;0m[HTTP][0m [37m-->[39m [37mGET[39m [37m/wd/hub/session/3a645205-55e5-4c2f-ae5f-8e7bb91b8ecd/screenshot[39m
[38;5;0m[HTTP][0m {}
[38;5;0m[HTTP][0m <-- GET /wd/hub/session/3a645205-55e5-4c2f-ae5f-8e7bb91b8ecd/screenshot 200 839 ms - 67516
[38;5;0m[HTTP][0m 
[38;5;0m[HTTP][0m [37m-->[39m [37mPOST[39m [37m/wd/hub/session/3a645205-55e5-4c2f-ae5f-8e7bb91b8ecd/elements[39m
[38;5;0m[HTTP][0m {"using":"xpath","value":"//*[@class = 'android.widget.RelativeLayout' and (@text = '' or . = '')]"}
[38;5;0m[HTTP][0m <-- POST /wd/hub/session/3a645205-55e5-4c2f-ae5f-8e7bb91b8ecd/elements 200 273 ms - 267
[38;5;0m[HTTP][0m 
[38;5;0m[HTTP][0m [37m-->[39m [37mPOST[39m [37m/wd/hub/session/3a645205-55e5-4c2f-ae5f-8e7bb91b8ecd/elements[39m
[38;5;0m[HTTP][0m {"using":"-android uiautomator","value":"new UiSelector().className(\"android.widget.RelativeLayout\")"}
[38;5;0m[HTTP][0m <-- POST /wd/hub/session/3a645205-55e5-4c2f-ae5f-8e7bb91b8ecd/elements 200 108 ms - 267
[38;5;0m[HTTP][0m 
[38;5;0m[HTTP][0m [37m-->[39m [37mGET[39m [37m/wd/hub/session/3a645205-55e5-4c2f-ae5f-8e7bb91b8ecd/window/rect[39m
[38;5;0m[HTTP][0m {}
[38;5;0m[HTTP][0m <-- GET /wd/hub/session/3a645205-55e5-4c2f-ae5f-8e7bb91b8ecd/window/rect 200 20 ms - 50
[38;5;0m[HTTP][0m 
[38;5;0m[HTTP][0m [37m-->[39m [37mPOST[39m [37m/wd/hub/session/3a645205-55e5-4c2f-ae5f-8e7bb91b8ecd/elements[39m
[38;5;0m[HTTP][0m {"using":"xpath","value":"//hierarchy/android.widget.FrameLayout[1]/android.view.ViewGroup[1]/android.widget.FrameLayout[2]/android.widget.LinearLayout[1]/android.widget.LinearLayout[1]/android.widget.LinearLayout[1]/android.widget.ListView[1]/android.widget.LinearLayout[2]/android.widget.RelativeLayout[1]"}
[38;5;0m[HTTP][0m <-- POST /wd/hub/session/3a645205-55e5-4c2f-ae5f-8e7bb91b8ecd/elements 200 216 ms - 139
[38;5;0m[HTTP][0m 
[38;5;0m[HTTP][0m [37m-->[39m [37mGET[39m [37m/wd/hub/session/3a645205-55e5-4c2f-ae5f-8e7bb91b8ecd/element/00000000-0000-003d-ffff-ffff00000048/location[39m
[38;5;0m[HTTP][0m {}
[38;5;48m[AndroidUiautomator2Driver@8a19 (3a645205)][0m Driver proxy active, passing request on via HTTP proxy
[38;5;48m[AndroidUiautomator2Driver@8a19 (3a645205)][0m Replacing sessionId f4db36c1-6949-460e-9b49-0953997cf187 with 3a645205-55e5-4c2f-ae5f-8e7bb91b8ecd
[38;5;0m[HTTP][0m <-- GET /wd/hub/session/3a645205-55e5-4c2f-ae5f-8e7bb91b8ecd/element/00000000-0000-003d-ffff-ffff00000048/location 200 33 ms - 77
[38;5;0m[HTTP][0m 
[38;5;0m[HTTP][0m [37m-->[39m [37mPOST[39m [37m/wd/hub/session/3a645205-55e5-4c2f-ae5f-8e7bb91b8ecd/element/00000000-0000-003d-ffff-ffff00000048/click[39m
[38;5;0m[HTTP][0m {"id":"00000000-0000-003d-ffff-ffff00000048"}
[38;5;0m[HTTP][0m <-- POST /wd/hub/session/3a645205-55e5-4c2f-ae5f-8e7bb91b8ecd/element/00000000-0000-003d-ffff-ffff00000048/click 200 624 ms - 14
[38;5;0m[HTTP][0m 
[38;5;0m[HTTP][0m [37m-->[39m [37mGET[39m [37m/wd/hub/session/3a645205-55e5-4c2f-ae5f-8e7bb91b8ecd/source[39m
[38;5;0m[HTTP][0m {}
[38;5;48m[AndroidUiautomator2Driver@8a19 (3a645205)][0m Driver proxy active, passing request on via HTTP proxy
[38;5;48m[AndroidUiautomator2Driver@8a19 (3a645205)][0m Replacing sessionId f4db36c1-6949-460e-9b49-0953997cf187 with 3a645205-55e5-4c2f-ae5f-8e7bb91b8ecd
[38;5;0m[HTTP][0m <-- GET /wd/hub/session/3a645205-55e5-4c2f-ae5f-8e7bb91b8ecd/source 200 1776 ms - 7339
[38;5;0m[HTTP][0m 
[38;5;0m[HTTP][0m [37m-->[39m [37mGET[39m [37m/wd/hub/session/3a645205-55e5-4c2f-ae5f-8e7bb91b8ecd/screenshot[39m
[38;5;0m[HTTP][0m {}
[38;5;0m[HTTP][0m <-- GET /wd/hub/session/3a645205-55e5-4c2f-ae5f-8e7bb91b8ecd/screenshot 200 1103 ms - 96516
[38;5;0m[HTTP][0m 
[38;5;0m[HTTP][0m [37m-->[39m [37mPOST[39m [37m/wd/hub/session/3a645205-55e5-4c2f-ae5f-8e7bb91b8ecd/elements[39m
[38;5;0m[HTTP][0m {"using":"xpath","value":"//*[@class = 'android.widget.EditText' and @resource-id = 'android:id/edit' and (@text = '' or . = '')]"}
[38;5;0m[HTTP][0m <-- POST /wd/hub/session/3a645205-55e5-4c2f-ae5f-8e7bb91b8ecd/elements 200 231 ms - 139
[38;5;0m[HTTP][0m 
[38;5;0m[HTTP][0m [37m-->[39m [37mGET[39m [37m/wd/hub/session/3a645205-55e5-4c2f-ae5f-8e7bb91b8ecd/window/rect[39m
[38;5;0m[HTTP][0m {}
[38;5;0m[HTTP][0m <-- GET /wd/hub/session/3a645205-55e5-4c2f-ae5f-8e7bb91b8ecd/window/rect 200 28 ms - 50
[38;5;0m[HTTP][0m 
[38;5;0m[HTTP][0m [37m-->[39m [37mPOST[39m [37m/wd/hub/session/3a645205-55e5-4c2f-ae5f-8e7bb91b8ecd/elements[39m
[38;5;0m[HTTP][0m {"using":"xpath","value":"//*[@class = 'android.widget.EditText' and @resource-id = 'android:id/edit' and (@text = '' or . = '')]"}
[38;5;0m[HTTP][0m <-- POST /wd/hub/session/3a645205-55e5-4c2f-ae5f-8e7bb91b8ecd/elements 200 258 ms - 139
[38;5;0m[HTTP][0m 
[38;5;0m[HTTP][0m [37m-->[39m [37mGET[39m [37m/wd/hub/session/3a645205-55e5-4c2f-ae5f-8e7bb91b8ecd/element/00000000-0000-003e-ffff-ffff0000004c/location[39m
[38;5;0m[HTTP][0m {}
[38;5;48m[AndroidUiautomator2Driver@8a19 (3a645205)][0m Driver proxy active, passing request on via HTTP proxy
[38;5;48m[AndroidUiautomator2Driver@8a19 (3a645205)][0m Replacing sessionId f4db36c1-6949-460e-9b49-0953997cf187 with 3a645205-55e5-4c2f-ae5f-8e7bb91b8ecd
[38;5;0m[HTTP][0m <-- GET /wd/hub/session/3a645205-55e5-4c2f-ae5f-8e7bb91b8ecd/element/00000000-0000-003e-ffff-ffff0000004c/location 200 34 ms - 78
[38;5;0m[HTTP][0m 
[38;5;0m[HTTP][0m [37m-->[39m [37mPOST[39m [37m/wd/hub/session/3a645205-55e5-4c2f-ae5f-8e7bb91b8ecd/element/00000000-0000-003e-ffff-ffff0000004c/clear[39m
[38;5;0m[HTTP][0m {"id":"00000000-0000-003e-ffff-ffff0000004c"}
[38;5;0m[HTTP][0m <-- POST /wd/hub/session/3a645205-55e5-4c2f-ae5f-8e7bb91b8ecd/element/00000000-0000-003e-ffff-ffff0000004c/clear 200 47 ms - 14
[38;5;0m[HTTP][0m 
[38;5;0m[HTTP][0m [37m-->[39m [37mPOST[39m [37m/wd/hub/session/3a645205-55e5-4c2f-ae5f-8e7bb91b8ecd/element/00000000-0000-003e-ffff-ffff0000004c/click[39m
[38;5;0m[HTTP][0m {"id":"00000000-0000-003e-ffff-ffff0000004c"}
[38;5;0m[HTTP][0m <-- POST /wd/hub/session/3a645205-55e5-4c2f-ae5f-8e7bb91b8ecd/element/00000000-0000-003e-ffff-ffff0000004c/click 200 740 ms - 14
[38;5;0m[HTTP][0m 
[38;5;0m[HTTP][0m [37m-->[39m [37mPOST[39m [37m/wd/hub/session/3a645205-55e5-4c2f-ae5f-8e7bb91b8ecd/element/00000000-0000-003e-ffff-ffff0000004c/value[39m
[38;5;0m[HTTP][0m {"id":"00000000-0000-003e-ffff-ffff0000004c","text":"Bayu Tanaya","value":["B","a","y","u"," ","T","a","n","a","y","a"]}
[38;5;0m[HTTP][0m <-- POST /wd/hub/session/3a645205-55e5-4c2f-ae5f-8e7bb91b8ecd/element/00000000-0000-003e-ffff-ffff0000004c/value 200 534 ms - 14
[38;5;0m[HTTP][0m 
[38;5;0m[HTTP][0m [37m-->[39m [37mGET[39m [37m/wd/hub/session/3a645205-55e5-4c2f-ae5f-8e7bb91b8ecd/source[39m
[38;5;0m[HTTP][0m {}
[38;5;48m[AndroidUiautomator2Driver@8a19 (3a645205)][0m Driver proxy active, passing request on via HTTP proxy
[38;5;48m[AndroidUiautomator2Driver@8a19 (3a645205)][0m Replacing sessionId f4db36c1-6949-460e-9b49-0953997cf187 with 3a645205-55e5-4c2f-ae5f-8e7bb91b8ecd
[38;5;0m[HTTP][0m <-- GET /wd/hub/session/3a645205-55e5-4c2f-ae5f-8e7bb91b8ecd/source 200 389 ms - 7333
[38;5;0m[HTTP][0m 
[38;5;0m[HTTP][0m [37m-->[39m [37mGET[39m [37m/wd/hub/session/3a645205-55e5-4c2f-ae5f-8e7bb91b8ecd/screenshot[39m
[38;5;0m[HTTP][0m {}
[38;5;0m[HTTP][0m <-- GET /wd/hub/session/3a645205-55e5-4c2f-ae5f-8e7bb91b8ecd/screenshot 200 659 ms - 187584
[38;5;0m[HTTP][0m 
[38;5;0m[HTTP][0m [37m-->[39m [37mDELETE[39m [37m/wd/hub/session/3a645205-55e5-4c2f-ae5f-8e7bb91b8ecd[39m
[38;5;0m[HTTP][0m {}
[38;5;16m[AppiumDriver@3bf0][0m Removing session 3a645205-55e5-4c2f-ae5f-8e7bb91b8ecd from our master session list
[38;5;48m[AndroidUiautomator2Driver@8a19 (3a645205)][0m Restoring hidden api policy to the device default configuration
[38;5;0m[HTTP][0m <-- DELETE /wd/hub/session/3a645205-55e5-4c2f-ae5f-8e7bb91b8ecd 200 305 ms - 14
[38;5;0m[HTTP][0m 
[Appium] Received SIGTERM - shutting down
[38;5;0m[HTTP][0m Waiting until the server is closed
[38;5;0m[HTTP][0m Received server close event
